This file contains any messages produced by compilers while
running configure, to aid debugging if configure makes a mistake.

It was created by configure, which was
generated by GNU Autoconf 2.69.  Invocation command line was

  $ ../newlib-cygwin/configure --target=arm-none-eabi --disable-newlib-supplied-syscalls --srcdir=../newlib-cygwin --prefix=/home/uwe/SES/newlib-arm-none-eabi --with-gnu-as --with-gnu-ld --enable-multilib=no

## --------- ##
## Platform. ##
## --------- ##

hostname = UWECyberVM
uname -m = x86_64
uname -r = 5.11.0-27-generic
uname -s = Linux
uname -v = #29~20.04.1-Ubuntu SMP Wed Aug 11 15:58:17 UTC 2021

/usr/bin/uname -p = x86_64
/bin/uname -X     = unknown

/bin/arch              = x86_64
/usr/bin/arch -k       = unknown
/usr/convex/getsysinfo = unknown
/usr/bin/hostinfo      = unknown
/bin/machine           = unknown
/usr/bin/oslevel       = unknown
/bin/universe          = unknown

PATH: /home/uwe/.local/bin
PATH: /home/uwe/.local/bin
PATH: /usr/local/sbin
PATH: /usr/local/bin
PATH: /usr/sbin
PATH: /usr/bin
PATH: /sbin
PATH: /bin
PATH: /usr/games
PATH: /usr/local/games
PATH: /snap/bin


## ----------- ##
## Core tests. ##
## ----------- ##

configure:2345: checking build system type
configure:2359: result: x86_64-pc-linux-gnu
configure:2406: checking host system type
configure:2419: result: x86_64-pc-linux-gnu
configure:2439: checking target system type
configure:2452: result: arm-none-eabi
configure:2506: checking for a BSD-compatible install
configure:2574: result: /usr/bin/install -c
configure:2585: checking whether ln works
configure:2607: result: yes
configure:2611: checking whether ln -s works
configure:2615: result: yes
configure:2622: checking for a sed that does not truncate output
configure:2686: result: /usr/bin/sed
configure:2695: checking for gawk
configure:2725: result: no
configure:2695: checking for mawk
configure:2711: found /usr/bin/mawk
configure:2722: result: mawk
configure:4165: checking for gcc
configure:4181: found /usr/bin/gcc
configure:4192: result: gcc
configure:4421: checking for C compiler version
configure:4430: gcc --version >&5
gcc (Ubuntu 9.4.0-1ubuntu1~20.04.2) 9.4.0
Copyright (C) 2019 Free Software Foundation, Inc.
This is free software; see the source for copying conditions.  There is NO
warranty; not even for MERCHANTABILITY or FITNESS FOR A PARTICULAR PURPOSE.

configure:4441: $? = 0
configure:4430: gcc -v >&5
Using built-in specs.
COLLECT_GCC=gcc
COLLECT_LTO_WRAPPER=/usr/lib/gcc/x86_64-linux-gnu/9/lto-wrapper
OFFLOAD_TARGET_NAMES=nvptx-none:hsa
OFFLOAD_TARGET_DEFAULT=1
Target: x86_64-linux-gnu
Configured with: ../src/configure -v --with-pkgversion='Ubuntu 9.4.0-1ubuntu1~20.04.2' --with-bugurl=file:///usr/share/doc/gcc-9/README.Bugs --enable-languages=c,ada,c++,go,brig,d,fortran,objc,obj-c++,gm2 --prefix=/usr --with-gcc-major-version-only --program-suffix=-9 --program-prefix=x86_64-linux-gnu- --enable-shared --enable-linker-build-id --libexecdir=/usr/lib --without-included-gettext --enable-threads=posix --libdir=/usr/lib --enable-nls --enable-clocale=gnu --enable-libstdcxx-debug --enable-libstdcxx-time=yes --with-default-libstdcxx-abi=new --enable-gnu-unique-object --disable-vtable-verify --enable-plugin --enable-default-pie --with-system-zlib --with-target-system-zlib=auto --enable-objc-gc=auto --enable-multiarch --disable-werror --with-arch-32=i686 --with-abi=m64 --with-multilib-list=m32,m64,mx32 --enable-multilib --with-tune=generic --enable-offload-targets=nvptx-none=/build/gcc-9-9QDOt0/gcc-9-9.4.0/debian/tmp-nvptx/usr,hsa --without-cuda-driver --enable-checking=release --build=x86_64-linux-gnu --host=x86_64-linux-gnu --target=x86_64-linux-gnu
Thread model: posix
gcc version 9.4.0 (Ubuntu 9.4.0-1ubuntu1~20.04.2) 
configure:4441: $? = 0
configure:4430: gcc -V >&5
gcc: error: unrecognized command line option '-V'
gcc: fatal error: no input files
compilation terminated.
configure:4441: $? = 1
configure:4430: gcc -qversion >&5
gcc: error: unrecognized command line option '-qversion'; did you mean '--version'?
gcc: fatal error: no input files
compilation terminated.
configure:4441: $? = 1
configure:4461: checking whether the C compiler works
configure:4483: gcc    conftest.c  >&5
configure:4487: $? = 0
configure:4535: result: yes
configure:4538: checking for C compiler default output file name
configure:4540: result: a.out
configure:4546: checking for suffix of executables
configure:4553: gcc -o conftest    conftest.c  >&5
configure:4557: $? = 0
configure:4579: result: 
configure:4601: checking whether we are cross compiling
configure:4609: gcc -o conftest    conftest.c  >&5
configure:4613: $? = 0
configure:4620: ./conftest
configure:4624: $? = 0
configure:4612: result: no
configure:4617: checking for suffix of object files
configure:4639: gcc -c   conftest.c >&5
configure:4643: $? = 0
configure:4664: result: o
configure:4668: checking whether we are using the GNU C compiler
configure:4687: gcc -c   conftest.c >&5
configure:4687: $? = 0
configure:4696: result: yes
configure:4705: checking whether gcc accepts -g
configure:4725: gcc -c -g  conftest.c >&5
configure:4725: $? = 0
configure:4766: result: yes
configure:4783: checking for gcc option to accept ISO C89
configure:4846: gcc  -c -g -O2  conftest.c >&5
configure:4846: $? = 0
configure:4859: result: none needed
configure:4937: checking for g++
configure:4953: found /usr/bin/g++
configure:4964: result: g++
configure:4991: checking for C++ compiler version
configure:5000: g++ --version >&5
g++ (Ubuntu 9.4.0-1ubuntu1~20.04.2) 9.4.0
Copyright (C) 2019 Free Software Foundation, Inc.
This is free software; see the source for copying conditions.  There is NO
warranty; not even for MERCHANTABILITY or FITNESS FOR A PARTICULAR PURPOSE.

configure:5011: $? = 0
configure:5000: g++ -v >&5
Using built-in specs.
COLLECT_GCC=g++
COLLECT_LTO_WRAPPER=/usr/lib/gcc/x86_64-linux-gnu/9/lto-wrapper
OFFLOAD_TARGET_NAMES=nvptx-none:hsa
OFFLOAD_TARGET_DEFAULT=1
Target: x86_64-linux-gnu
Configured with: ../src/configure -v --with-pkgversion='Ubuntu 9.4.0-1ubuntu1~20.04.2' --with-bugurl=file:///usr/share/doc/gcc-9/README.Bugs --enable-languages=c,ada,c++,go,brig,d,fortran,objc,obj-c++,gm2 --prefix=/usr --with-gcc-major-version-only --program-suffix=-9 --program-prefix=x86_64-linux-gnu- --enable-shared --enable-linker-build-id --libexecdir=/usr/lib --without-included-gettext --enable-threads=posix --libdir=/usr/lib --enable-nls --enable-clocale=gnu --enable-libstdcxx-debug --enable-libstdcxx-time=yes --with-default-libstdcxx-abi=new --enable-gnu-unique-object --disable-vtable-verify --enable-plugin --enable-default-pie --with-system-zlib --with-target-system-zlib=auto --enable-objc-gc=auto --enable-multiarch --disable-werror --with-arch-32=i686 --with-abi=m64 --with-multilib-list=m32,m64,mx32 --enable-multilib --with-tune=generic --enable-offload-targets=nvptx-none=/build/gcc-9-9QDOt0/gcc-9-9.4.0/debian/tmp-nvptx/usr,hsa --without-cuda-driver --enable-checking=release --build=x86_64-linux-gnu --host=x86_64-linux-gnu --target=x86_64-linux-gnu
Thread model: posix
gcc version 9.4.0 (Ubuntu 9.4.0-1ubuntu1~20.04.2) 
configure:5011: $? = 0
configure:5000: g++ -V >&5
g++: error: unrecognized command line option '-V'
g++: fatal error: no input files
compilation terminated.
configure:5011: $? = 1
configure:5000: g++ -qversion >&5
g++: error: unrecognized command line option '-qversion'; did you mean '--version'?
g++: fatal error: no input files
compilation terminated.
configure:5011: $? = 1
configure:5015: checking whether we are using the GNU C++ compiler
configure:5034: g++ -c   conftest.cpp >&5
configure:5034: $? = 0
configure:5043: result: yes
configure:5052: checking whether g++ accepts -g
configure:5072: g++ -c -g  conftest.cpp >&5
configure:5072: $? = 0
configure:5113: result: yes
configure:5162: checking whether g++ accepts -static-libstdc++ -static-libgcc
configure:5179: g++ -o conftest -g -O2   -static-libstdc++ -static-libgcc conftest.cpp  >&5
configure:5179: $? = 0
configure:5180: result: yes
configure:5244: checking for gnatbind
configure:5274: result: no
configure:5336: checking for gnatmake
configure:5366: result: no
configure:5385: checking whether compiler driver understands Ada
configure:5408: result: no
configure:5417: checking how to compare bootstrapped objects
configure:5442: result: cmp --ignore-initial=16 $$f1 $$f2
configure:5502: checking for objdir
configure:5517: result: .libs
configure:6061: checking for isl 0.16, 0.15, or deprecated 0.14
configure:6074: gcc -o conftest -g -O2      -lisl -lmpc -lmpfr -lgmp conftest.c  -lisl -lgmp >&5
conftest.c:10:10: fatal error: isl/ctx.h: No such file or directory
   10 | #include <isl/ctx.h>
      |          ^~~~~~~~~~~
compilation terminated.
configure:6074: $? = 1
configure: failed program was:
| /* confdefs.h */
| #define PACKAGE_NAME ""
| #define PACKAGE_TARNAME ""
| #define PACKAGE_VERSION ""
| #define PACKAGE_STRING ""
| #define PACKAGE_BUGREPORT ""
| #define PACKAGE_URL ""
| #define LT_OBJDIR ".libs/"
| /* end confdefs.h.  */
| #include <isl/ctx.h>
| int
| main ()
| {
| isl_ctx_get_max_operations (isl_ctx_alloc ());
|   ;
|   return 0;
| }
configure:6081: result: no
configure:6085: result: recommended isl version is 0.16 or 0.15, the minimum required isl version 0.14 is deprecated
configure:6089: checking for isl 0.16 or 0.15
configure:6102: gcc -o conftest -g -O2      -lisl -lmpc -lmpfr -lgmp conftest.c  -lisl -lgmp >&5
conftest.c:10:10: fatal error: isl/schedule.h: No such file or directory
   10 | #include <isl/schedule.h>
      |          ^~~~~~~~~~~~~~~~
compilation terminated.
configure:6102: $? = 1
configure: failed program was:
| /* confdefs.h */
| #define PACKAGE_NAME ""
| #define PACKAGE_TARNAME ""
| #define PACKAGE_VERSION ""
| #define PACKAGE_STRING ""
| #define PACKAGE_BUGREPORT ""
| #define PACKAGE_URL ""
| #define LT_OBJDIR ".libs/"
| /* end confdefs.h.  */
| #include <isl/schedule.h>
| int
| main ()
| {
| isl_options_set_schedule_serialize_sccs (NULL, 0);
|   ;
|   return 0;
| }
configure:6109: result: no
configure:7127: checking for default BUILD_CONFIG
configure:7159: result: 
configure:7164: checking for --enable-vtable-verify
configure:7177: result: no
configure:7783: checking for bison
configure:7799: found /usr/bin/bison
configure:7810: result: bison -y
configure:7830: checking for bison
configure:7846: found /usr/bin/bison
configure:7857: result: bison
configure:7877: checking for gm4
configure:7907: result: no
configure:7877: checking for gnum4
configure:7907: result: no
configure:7877: checking for m4
configure:7893: found /usr/bin/m4
configure:7904: result: m4
configure:7924: checking for flex
configure:7940: found /usr/bin/flex
configure:7951: result: flex
configure:7972: checking for flex
configure:7988: found /usr/bin/flex
configure:7999: result: flex
configure:8019: checking for makeinfo
configure:8035: found /usr/bin/makeinfo
configure:8046: result: makeinfo
configure:8080: checking for expect
configure:8110: result: no
configure:8129: checking for runtest
configure:8159: result: no
configure:8274: checking for ar
configure:8290: found /usr/bin/ar
configure:8301: result: ar
configure:8415: checking for as
configure:8431: found /usr/bin/as
configure:8442: result: as
configure:8556: checking for dlltool
configure:8586: result: no
configure:8697: checking for ld
configure:8713: found /usr/bin/ld
configure:8724: result: ld
configure:8838: checking for lipo
configure:8868: result: no
configure:8979: checking for nm
configure:8995: found /usr/bin/nm
configure:9006: result: nm
configure:9120: checking for ranlib
configure:9136: found /usr/bin/ranlib
configure:9147: result: ranlib
configure:9256: checking for strip
configure:9272: found /usr/bin/strip
configure:9283: result: strip
configure:9392: checking for windres
configure:9422: result: no
configure:9533: checking for windmc
configure:9563: result: no
configure:9674: checking for objcopy
configure:9690: found /usr/bin/objcopy
configure:9701: result: objcopy
configure:9815: checking for objdump
configure:9831: found /usr/bin/objdump
configure:9842: result: objdump
configure:9956: checking for readelf
configure:9972: found /usr/bin/readelf
configure:9983: result: readelf
configure:10009: checking for -plugin option
configure:10129: result: --plugin /usr/lib/gcc/x86_64-linux-gnu/9/liblto_plugin.so
configure:10237: checking for arm-none-eabi-cc
configure:10267: result: no
configure:10237: checking for arm-none-eabi-gcc
configure:10253: found /usr/bin/arm-none-eabi-gcc
configure:10264: result: arm-none-eabi-gcc
configure:10398: checking for arm-none-eabi-c++
configure:10414: found /usr/bin/arm-none-eabi-c++
configure:10425: result: arm-none-eabi-c++
configure:10559: checking for arm-none-eabi-gcc
configure:10575: found /usr/bin/arm-none-eabi-gcc
configure:10586: result: arm-none-eabi-gcc
configure:10715: checking for arm-none-eabi-gcj
configure:10745: result: no
configure:10876: checking for arm-none-eabi-gfortran
configure:10906: result: no
configure:11037: checking for arm-none-eabi-gccgo
configure:11067: result: no
configure:11278: checking for arm-none-eabi-ar
configure:11294: found /usr/bin/arm-none-eabi-ar
configure:11305: result: arm-none-eabi-ar
configure:11508: checking for arm-none-eabi-as
configure:11524: found /usr/bin/arm-none-eabi-as
configure:11535: result: arm-none-eabi-as
configure:11738: checking for arm-none-eabi-dlltool
configure:11768: result: no
configure:11968: checking for arm-none-eabi-ld
configure:11984: found /usr/bin/arm-none-eabi-ld
configure:11995: result: arm-none-eabi-ld
configure:12198: checking for arm-none-eabi-lipo
configure:12228: result: no
configure:12428: checking for arm-none-eabi-nm
configure:12444: found /usr/bin/arm-none-eabi-nm
configure:12455: result: arm-none-eabi-nm
configure:12658: checking for arm-none-eabi-objcopy
configure:12674: found /usr/bin/arm-none-eabi-objcopy
configure:12685: result: arm-none-eabi-objcopy
configure:12888: checking for arm-none-eabi-objdump
configure:12904: found /usr/bin/arm-none-eabi-objdump
configure:12915: result: arm-none-eabi-objdump
configure:13118: checking for arm-none-eabi-ranlib
configure:13134: found /usr/bin/arm-none-eabi-ranlib
configure:13145: result: arm-none-eabi-ranlib
configure:13348: checking for arm-none-eabi-readelf
configure:13364: found /usr/bin/arm-none-eabi-readelf
configure:13375: result: arm-none-eabi-readelf
configure:13578: checking for arm-none-eabi-strip
configure:13594: found /usr/bin/arm-none-eabi-strip
configure:13605: result: arm-none-eabi-strip
configure:13808: checking for arm-none-eabi-windres
configure:13838: result: no
configure:14038: checking for arm-none-eabi-windmc
configure:14068: result: no
configure:14135: checking where to find the target ar
configure:14172: result: pre-installed
configure:14177: checking where to find the target as
configure:14214: result: pre-installed
configure:14219: checking where to find the target cc
configure:14256: result: pre-installed
configure:14261: checking where to find the target c++
configure:14301: result: pre-installed
configure:14306: checking where to find the target c++ for libstdc++
configure:14346: result: pre-installed
configure:14351: checking where to find the target dlltool
configure:14388: result: pre-installed
configure:14393: checking where to find the target gcc
configure:14430: result: pre-installed
configure:14435: checking where to find the target gcj
configure:14475: result: pre-installed
configure:14480: checking where to find the target gfortran
configure:14520: result: pre-installed
configure:14525: checking where to find the target gccgo
configure:14565: result: pre-installed
configure:14570: checking where to find the target ld
configure:14607: result: pre-installed
configure:14612: checking where to find the target lipo
configure:14638: result: pre-installed
configure:14643: checking where to find the target nm
configure:14680: result: pre-installed
configure:14685: checking where to find the target objcopy
configure:14722: result: pre-installed
configure:14727: checking where to find the target objdump
configure:14764: result: pre-installed
configure:14769: checking where to find the target ranlib
configure:14806: result: pre-installed
configure:14811: checking where to find the target readelf
configure:14848: result: pre-installed
configure:14853: checking where to find the target strip
configure:14890: result: pre-installed
configure:14895: checking where to find the target windres
configure:14932: result: pre-installed
configure:14937: checking where to find the target windmc
configure:14974: result: pre-installed
configure:15007: checking whether to enable maintainer-specific portions of Makefiles
configure:15016: result: no
configure:15278: creating ./config.status

## ---------------------- ##
## Running config.status. ##
## ---------------------- ##

This file was extended by config.status, which was
generated by GNU Autoconf 2.69.  Invocation command line was

  CONFIG_FILES    = 
  CONFIG_HEADERS  = 
  CONFIG_LINKS    = 
  CONFIG_COMMANDS = 
  $ ./config.status 

on UWECyberVM

config.status:924: creating Makefile

## ---------------- ##
## Cache variables. ##
## ---------------- ##

ac_cv_build=x86_64-pc-linux-gnu
ac_cv_c_compiler_gnu=yes
ac_cv_cxx_compiler_gnu=yes
ac_cv_env_AR_FOR_TARGET_set=
ac_cv_env_AR_FOR_TARGET_value=
ac_cv_env_AR_set=
ac_cv_env_AR_value=
ac_cv_env_AS_FOR_TARGET_set=
ac_cv_env_AS_FOR_TARGET_value=
ac_cv_env_AS_set=
ac_cv_env_AS_value=
ac_cv_env_CCC_set=
ac_cv_env_CCC_value=
ac_cv_env_CC_FOR_TARGET_set=
ac_cv_env_CC_FOR_TARGET_value=
ac_cv_env_CC_set=
ac_cv_env_CC_value=
ac_cv_env_CFLAGS_set=
ac_cv_env_CFLAGS_value=
ac_cv_env_CPPFLAGS_set=
ac_cv_env_CPPFLAGS_value=
ac_cv_env_CXXFLAGS_set=
ac_cv_env_CXXFLAGS_value=
ac_cv_env_CXX_FOR_TARGET_set=
ac_cv_env_CXX_FOR_TARGET_value=
ac_cv_env_CXX_set=
ac_cv_env_CXX_value=
ac_cv_env_DLLTOOL_FOR_TARGET_set=
ac_cv_env_DLLTOOL_FOR_TARGET_value=
ac_cv_env_DLLTOOL_set=
ac_cv_env_DLLTOOL_value=
ac_cv_env_GCC_FOR_TARGET_set=
ac_cv_env_GCC_FOR_TARGET_value=
ac_cv_env_GCJ_FOR_TARGET_set=
ac_cv_env_GCJ_FOR_TARGET_value=
ac_cv_env_GFORTRAN_FOR_TARGET_set=
ac_cv_env_GFORTRAN_FOR_TARGET_value=
ac_cv_env_GOC_FOR_TARGET_set=
ac_cv_env_GOC_FOR_TARGET_value=
ac_cv_env_LDFLAGS_set=
ac_cv_env_LDFLAGS_value=
ac_cv_env_LD_FOR_TARGET_set=
ac_cv_env_LD_FOR_TARGET_value=
ac_cv_env_LD_set=
ac_cv_env_LD_value=
ac_cv_env_LIBS_set=
ac_cv_env_LIBS_value=
ac_cv_env_LIPO_FOR_TARGET_set=
ac_cv_env_LIPO_FOR_TARGET_value=
ac_cv_env_LIPO_set=
ac_cv_env_LIPO_value=
ac_cv_env_NM_FOR_TARGET_set=
ac_cv_env_NM_FOR_TARGET_value=
ac_cv_env_NM_set=
ac_cv_env_NM_value=
ac_cv_env_OBJCOPY_FOR_TARGET_set=
ac_cv_env_OBJCOPY_FOR_TARGET_value=
ac_cv_env_OBJCOPY_set=
ac_cv_env_OBJCOPY_value=
ac_cv_env_OBJDUMP_FOR_TARGET_set=
ac_cv_env_OBJDUMP_FOR_TARGET_value=
ac_cv_env_OBJDUMP_set=
ac_cv_env_OBJDUMP_value=
ac_cv_env_RANLIB_FOR_TARGET_set=
ac_cv_env_RANLIB_FOR_TARGET_value=
ac_cv_env_RANLIB_set=
ac_cv_env_RANLIB_value=
ac_cv_env_READELF_FOR_TARGET_set=
ac_cv_env_READELF_FOR_TARGET_value=
ac_cv_env_READELF_set=
ac_cv_env_READELF_value=
ac_cv_env_STRIP_FOR_TARGET_set=
ac_cv_env_STRIP_FOR_TARGET_value=
ac_cv_env_STRIP_set=
ac_cv_env_STRIP_value=
ac_cv_env_WINDMC_FOR_TARGET_set=
ac_cv_env_WINDMC_FOR_TARGET_value=
ac_cv_env_WINDMC_set=
ac_cv_env_WINDMC_value=
ac_cv_env_WINDRES_FOR_TARGET_set=
ac_cv_env_WINDRES_FOR_TARGET_value=
ac_cv_env_WINDRES_set=
ac_cv_env_WINDRES_value=
ac_cv_env_build_alias_set=
ac_cv_env_build_alias_value=
ac_cv_env_build_configargs_set=
ac_cv_env_build_configargs_value=
ac_cv_env_host_alias_set=
ac_cv_env_host_alias_value=
ac_cv_env_host_configargs_set=
ac_cv_env_host_configargs_value=
ac_cv_env_target_alias_set=set
ac_cv_env_target_alias_value=arm-none-eabi
ac_cv_env_target_configargs_set=
ac_cv_env_target_configargs_value=
ac_cv_host=x86_64-pc-linux-gnu
ac_cv_objext=o
ac_cv_path_SED=/usr/bin/sed
ac_cv_path_install='/usr/bin/install -c'
ac_cv_prog_AR=ar
ac_cv_prog_AR_FOR_TARGET=arm-none-eabi-ar
ac_cv_prog_AS=as
ac_cv_prog_AS_FOR_TARGET=arm-none-eabi-as
ac_cv_prog_AWK=mawk
ac_cv_prog_BISON=bison
ac_cv_prog_CC_FOR_TARGET=arm-none-eabi-gcc
ac_cv_prog_CXX_FOR_TARGET=arm-none-eabi-c++
ac_cv_prog_FLEX=flex
ac_cv_prog_GCC_FOR_TARGET=arm-none-eabi-gcc
ac_cv_prog_LD=ld
ac_cv_prog_LD_FOR_TARGET=arm-none-eabi-ld
ac_cv_prog_LEX=flex
ac_cv_prog_M4=m4
ac_cv_prog_MAKEINFO=makeinfo
ac_cv_prog_NM=nm
ac_cv_prog_NM_FOR_TARGET=arm-none-eabi-nm
ac_cv_prog_OBJCOPY=objcopy
ac_cv_prog_OBJCOPY_FOR_TARGET=arm-none-eabi-objcopy
ac_cv_prog_OBJDUMP=objdump
ac_cv_prog_OBJDUMP_FOR_TARGET=arm-none-eabi-objdump
ac_cv_prog_RANLIB=ranlib
ac_cv_prog_RANLIB_FOR_TARGET=arm-none-eabi-ranlib
ac_cv_prog_READELF=readelf
ac_cv_prog_READELF_FOR_TARGET=arm-none-eabi-readelf
ac_cv_prog_STRIP=strip
ac_cv_prog_STRIP_FOR_TARGET=arm-none-eabi-strip
ac_cv_prog_YACC='bison -y'
ac_cv_prog_ac_ct_CC=gcc
ac_cv_prog_ac_ct_CXX=g++
ac_cv_prog_cc_c89=
ac_cv_prog_cc_g=yes
ac_cv_prog_cxx_g=yes
ac_cv_target=arm-none-eabi
acx_cv_cc_gcc_supports_ada=no
acx_cv_prog_LN=ln
gcc_cv_isl=no
gcc_cv_prog_cmp_skip='cmp --ignore-initial=16 $$f1 $$f2'
gcc_cv_tool_dirs=
gcc_cv_tool_prefix=/home/uwe/SES/newlib-arm-none-eabi
lt_cv_objdir=.libs

## ----------------- ##
## Output variables. ##
## ----------------- ##

AR='ar'
AR_FOR_BUILD='$(AR)'
AR_FOR_TARGET='arm-none-eabi-ar'
AR_PLUGIN_OPTION='--plugin /usr/lib/gcc/x86_64-linux-gnu/9/liblto_plugin.so'
AS='as'
AS_FOR_BUILD='$(AS)'
AS_FOR_TARGET='arm-none-eabi-as'
AWK='mawk'
BISON='bison'
BUILD_CONFIG=''
CC='gcc'
CC_FOR_BUILD='$(CC)'
CC_FOR_TARGET='arm-none-eabi-gcc'
CFLAGS='-g -O2'
CFLAGS_FOR_BUILD='-g -O2'
CFLAGS_FOR_TARGET='-g -O2'
COMPILER_AS_FOR_TARGET='$(AS_FOR_TARGET)'
COMPILER_LD_FOR_TARGET='$(LD_FOR_TARGET)'
COMPILER_NM_FOR_TARGET='$(NM_FOR_TARGET)'
CONFIGURE_GDB_TK=''
CPPFLAGS=''
CXX='g++'
CXXFLAGS='-g -O2'
CXXFLAGS_FOR_BUILD='-g -O2'
CXXFLAGS_FOR_TARGET='-g -O2'
CXX_FOR_BUILD='$(CXX)'
CXX_FOR_TARGET='arm-none-eabi-c++'
DEBUG_PREFIX_CFLAGS_FOR_TARGET=''
DEFS='-DPACKAGE_NAME=\"\" -DPACKAGE_TARNAME=\"\" -DPACKAGE_VERSION=\"\" -DPACKAGE_STRING=\"\" -DPACKAGE_BUGREPORT=\"\" -DPACKAGE_URL=\"\" -DLT_OBJDIR=\".libs/\"'
DLLTOOL='dlltool'
DLLTOOL_FOR_BUILD='$(DLLTOOL)'
DLLTOOL_FOR_TARGET='arm-none-eabi-dlltool'
ECHO_C=''
ECHO_N='-n'
ECHO_T=''
EXEEXT=''
EXPECT='expect'
EXTRA_CONFIGARGS_LIBJAVA='--disable-static'
FLAGS_FOR_TARGET=' -B$$r/$(TARGET_SUBDIR)/newlib/ -isystem $$r/$(TARGET_SUBDIR)/newlib/targ-include -isystem $$s/newlib/libc/include -B$$r/$(TARGET_SUBDIR)/libgloss/arm -L$$r/$(TARGET_SUBDIR)/libgloss/libnosys -L$$s/libgloss/arm'
FLEX='flex'
GCC_FOR_TARGET='arm-none-eabi-gcc'
GCC_SHLIB_SUBDIR=''
GCJ_FOR_BUILD='$(GCJ)'
GCJ_FOR_TARGET='arm-none-eabi-gcj'
GDB_TK=''
GFORTRAN_FOR_BUILD='$(GFORTRAN)'
GFORTRAN_FOR_TARGET='arm-none-eabi-gfortran'
GNATBIND='no'
GNATMAKE='no'
GOC_FOR_BUILD='$(GOC)'
GOC_FOR_TARGET='arm-none-eabi-gccgo'
INSTALL_DATA='${INSTALL} -m 644'
INSTALL_GDB_TK=''
INSTALL_PROGRAM='${INSTALL}'
INSTALL_SCRIPT='${INSTALL}'
LD='ld'
LDFLAGS=''
LDFLAGS_FOR_BUILD=''
LDFLAGS_FOR_TARGET=''
LD_FOR_BUILD='$(LD)'
LD_FOR_TARGET='arm-none-eabi-ld'
LEX='flex'
LIBOBJS=''
LIBS=''
LIPO='lipo'
LIPO_FOR_TARGET='arm-none-eabi-lipo'
LN='ln'
LN_S='ln -s'
LTLIBOBJS=''
M4='m4'
MAINT='#'
MAINTAINER_MODE_FALSE=''
MAINTAINER_MODE_TRUE='#'
MAKEINFO='makeinfo'
NM='nm'
NM_FOR_BUILD='$(NM)'
NM_FOR_TARGET='arm-none-eabi-nm'
OBJCOPY='objcopy'
OBJCOPY_FOR_TARGET='arm-none-eabi-objcopy'
OBJDUMP='objdump'
OBJDUMP_FOR_TARGET='arm-none-eabi-objdump'
OBJEXT='o'
PACKAGE_BUGREPORT=''
PACKAGE_NAME=''
PACKAGE_STRING=''
PACKAGE_TARNAME=''
PACKAGE_URL=''
PACKAGE_VERSION=''
PATH_SEPARATOR=':'
RANLIB='ranlib'
RANLIB_FOR_BUILD='$(RANLIB)'
RANLIB_FOR_TARGET='arm-none-eabi-ranlib'
RANLIB_PLUGIN_OPTION='--plugin /usr/lib/gcc/x86_64-linux-gnu/9/liblto_plugin.so'
RAW_CXX_FOR_TARGET='arm-none-eabi-c++'
READELF='readelf'
READELF_FOR_TARGET='arm-none-eabi-readelf'
RPATH_ENVVAR='LD_LIBRARY_PATH'
RUNTEST='runtest'
SED='/usr/bin/sed'
SHELL='/bin/bash'
STRIP='strip'
STRIP_FOR_TARGET='arm-none-eabi-strip'
SYSROOT_CFLAGS_FOR_TARGET=''
TOPLEVEL_CONFIGURE_ARGUMENTS='../newlib-cygwin/configure --target=arm-none-eabi --disable-newlib-supplied-syscalls --srcdir=../newlib-cygwin --prefix=/home/uwe/SES/newlib-arm-none-eabi --with-gnu-as --with-gnu-ld --enable-multilib=no'
WINDMC='windmc'
WINDMC_FOR_BUILD='$(WINDMC)'
WINDMC_FOR_TARGET='arm-none-eabi-windmc'
WINDRES='windres'
WINDRES_FOR_BUILD='$(WINDRES)'
WINDRES_FOR_TARGET='arm-none-eabi-windres'
YACC='bison -y'
ac_ct_CC='gcc'
ac_ct_CXX='g++'
bindir='${exec_prefix}/bin'
build='x86_64-pc-linux-gnu'
build_alias=''
build_configargs=' --cache-file=./config.cache '\''--disable-newlib-supplied-syscalls'\'' '\''--prefix=/home/uwe/SES/newlib-arm-none-eabi'\'' '\''--with-gnu-as'\'' '\''--with-gnu-ld'\'' '\''--enable-multilib=no'\'' --program-transform-name='\''s&^&arm-none-eabi-&'\'' --disable-option-checking'
build_configdirs=''
build_cpu='x86_64'
build_libsubdir='build-x86_64-pc-linux-gnu'
build_noncanonical='x86_64-pc-linux-gnu'
build_os='linux-gnu'
build_subdir='build-x86_64-pc-linux-gnu'
build_tooldir='${exec_prefix}/arm-none-eabi'
build_vendor='pc'
compare_exclusions='gcc/cc*-checksum$(objext) | gcc/ada/*tools/*'
configdirs=' etc'
datadir='${datarootdir}'
datarootdir='${prefix}/share'
do_compare='cmp --ignore-initial=16 $$f1 $$f2'
docdir='${datarootdir}/doc/${PACKAGE}'
dvidir='${docdir}'
exec_prefix='${prefix}'
extra_host_libiberty_configure_flags=''
extra_host_zlib_configure_flags=''
extra_isl_gmp_configure_flags=''
extra_liboffloadmic_configure_flags=''
extra_linker_plugin_configure_flags=''
extra_linker_plugin_flags=''
extra_mpc_gmp_configure_flags=''
extra_mpc_mpfr_configure_flags=''
extra_mpfr_configure_flags=''
gmpinc=''
gmplibs='-lmpc -lmpfr -lgmp'
host='x86_64-pc-linux-gnu'
host_alias=''
host_configargs=' --cache-file=./config.cache  --with-system-zlib --with-newlib '\''--disable-newlib-supplied-syscalls'\'' '\''--prefix=/home/uwe/SES/newlib-arm-none-eabi'\'' '\''--with-gnu-as'\'' '\''--with-gnu-ld'\'' '\''--enable-multilib=no'\'' --program-transform-name='\''s&^&arm-none-eabi-&'\'' --disable-option-checking'
host_cpu='x86_64'
host_noncanonical='x86_64-pc-linux-gnu'
host_os='linux-gnu'
host_shared='no'
host_subdir='.'
host_vendor='pc'
htmldir='${docdir}'
includedir='${prefix}/include'
infodir='${datarootdir}/info'
islinc=''
isllibs=''
islver=''
libdir='${exec_prefix}/lib'
libexecdir='${exec_prefix}/libexec'
localedir='${datarootdir}/locale'
localstatedir='${prefix}/var'
mandir='${datarootdir}/man'
oldincludedir='/usr/include'
pdfdir='${docdir}'
poststage1_ldflags='-static-libstdc++ -static-libgcc'
poststage1_libs=''
prefix='/home/uwe/SES/newlib-arm-none-eabi'
program_transform_name='s&^&arm-none-eabi-&'
psdir='${docdir}'
runstatedir='${localstatedir}/run'
sbindir='${exec_prefix}/sbin'
sharedstatedir='${prefix}/com'
stage1_cflags='-g'
stage1_checking='--enable-checking=yes,types'
stage1_languages=',c,'
stage1_ldflags='-static-libstdc++ -static-libgcc'
stage1_libs=''
stage2_werror_flag=''
sysconfdir='${prefix}/etc'
target='arm-none-eabi'
target_alias='arm-none-eabi'
target_configargs='--cache-file=./config.cache --with-newlib --with-cross-host=x86_64-pc-linux-gnu   '\''--disable-newlib-supplied-syscalls'\'' '\''--prefix=/home/uwe/SES/newlib-arm-none-eabi'\'' '\''--with-gnu-as'\'' '\''--with-gnu-ld'\'' '\''--enable-multilib=no'\'' --program-transform-name='\''s&^&arm-none-eabi-&'\'' --disable-option-checking'
target_configdirs='libgloss newlib'
target_cpu='arm'
target_noncanonical='arm-none-eabi'
target_os='eabi'
target_subdir='arm-none-eabi'
target_vendor='none'
tooldir='${exec_prefix}/arm-none-eabi'

## ------------------- ##
## File substitutions. ##
## ------------------- ##

alphaieee_frag='/dev/null'
host_makefile_frag='/dev/null'
ospace_frag='/dev/null'
serialization_dependencies='serdep.tmp'
target_makefile_frag='/dev/null'

## ----------- ##
## confdefs.h. ##
## ----------- ##

/* confdefs.h */
#define PACKAGE_NAME ""
#define PACKAGE_TARNAME ""
#define PACKAGE_VERSION ""
#define PACKAGE_STRING ""
#define PACKAGE_BUGREPORT ""
#define PACKAGE_URL ""
#define LT_OBJDIR ".libs/"

configure: exit 0
